[debug] [2022-11-10T09:39:36.038Z] ----------------------------------------------------------------------
[debug] [2022-11-10T09:39:36.040Z] Command:       C:\Program Files\nodejs\node.exe C:\Program Files\nodejs\node_modules\firebase-tools\lib\bin\firebase.js init
[debug] [2022-11-10T09:39:36.040Z] CLI Version:   11.16.0
[debug] [2022-11-10T09:39:36.040Z] Platform:      win32
[debug] [2022-11-10T09:39:36.041Z] Node Version:  v14.20.0
[debug] [2022-11-10T09:39:36.041Z] Time:          Thu Nov 10 2022 16:39:36 GMT+0700 (Indochina Time)
[debug] [2022-11-10T09:39:36.041Z] ----------------------------------------------------------------------
[debug] 
[debug] [2022-11-10T09:39:36.047Z] > command requires scopes: ["email","openid","https://www.googleapis.com/auth/cloudplatformprojects.readonly","https://www.googleapis.com/auth/firebase","https://www.googleapis.com/auth/cloud-platform"]
[debug] [2022-11-10T09:39:36.048Z] > authorizing via signed-in user (thang110.s4cclub@gmail.com)
[info] 
     ######## #### ########  ######## ########     ###     ######  ########
     ##        ##  ##     ## ##       ##     ##  ##   ##  ##       ##
     ######    ##  ########  ######   ########  #########  ######  ######
     ##        ##  ##    ##  ##       ##     ## ##     ##       ## ##
     ##       #### ##     ## ######## ########  ##     ##  ######  ########

You're about to initialize a Firebase project in this directory:

  D:\workspace1\world-cup-list

[info] 
=== Project Setup
[info] 
[info] First, let's associate this project directory with a Firebase project.
[info] You can create multiple project aliases by running firebase use --add, 
[info] but for now we'll just set up a default project.
[info] 
[info] i  If you want to create a project in a Google Cloud organization or folder, please use "firebase projects:create" instead, and return to this command when you've created the project. 
[debug] [2022-11-10T09:40:10.013Z] >>> [apiv2][query] POST https://cloudresourcemanager.googleapis.com/v1/projects [none]
[debug] [2022-11-10T09:40:10.013Z] >>> [apiv2][body] POST https://cloudresourcemanager.googleapis.com/v1/projects {"projectId":"authentication_world_cup","name":"awc"}
[debug] [2022-11-10T09:40:11.013Z] <<< [apiv2][status] POST https://cloudresourcemanager.googleapis.com/v1/projects 400
[debug] [2022-11-10T09:40:11.013Z] <<< [apiv2][body] POST https://cloudresourcemanager.googleapis.com/v1/projects {"error":{"code":400,"message":"Request contains an invalid argument.","status":"INVALID_ARGUMENT","details":[{"@type":"type.googleapis.com/google.rpc.BadRequest","fieldViolations":[{"field":"project_id","description":"project_id contains invalid characters"},{"field":"display_name","description":"project display name must be at least 4 characters"}]},{"@type":"type.googleapis.com/google.rpc.Help","links":[{"url":"https://cloud.google.com/resource-manager/reference/rest/v1/projects"}]}]}}
[debug] [2022-11-10T09:40:11.137Z] FirebaseError: HTTP Error: 400, Request contains an invalid argument.
    at responseToError (C:\Users\thang.luumanh\AppData\Roaming\nvm\v14.20.0\node_modules\firebase-tools\lib\responseToError.js:49:12)
    at RetryOperation._fn (C:\Users\thang.luumanh\AppData\Roaming\nvm\v14.20.0\node_modules\firebase-tools\lib\apiv2.js:288:77)
    at processTicksAndRejections (internal/process/task_queues.js:95:5)
[error] 
[error] Error: Failed to create project. See firebase-debug.log for more info.
